<?xml version="1.0" encoding="UTF-8"?>
<!-- Generated by org.testng.reporters.JUnitReportReporter -->
<testsuite skipped="1" hostname="DESKTOP-4PCJVBQ" name="com.testng.halfEbay" tests="1" failures="0" timestamp="2020-11-29T00:50:01 IST" time="0.000" errors="0">
  <testcase name="Registration" time="0.000" classname="com.testng.halfEbay">
    <skipped/>
  </testcase> <!-- Registration -->
  <system-out/>
</testsuite> <!-- com.testng.halfEbay -->
