<?xml version="1.0" encoding="UTF-8"?>
<!-- Generated by org.testng.reporters.JUnitReportReporter -->
<testsuite skipped="0" hostname="DESKTOP-4PCJVBQ" name="com.testng.demo" tests="1" failures="0" timestamp="2020-11-29T23:51:03 IST" time="0.017" errors="0">
  <testcase name="mai" time="0.017" classname="com.testng.demo"/>
  <system-out/>
</testsuite> <!-- com.testng.demo -->
